{"E:\\Informacion Usuario No Borrar\\Desktop\\PruebaTec\\frontend\\src\\App.tsx": {"path":"E:\\Informacion Usuario No Borrar\\Desktop\\PruebaTec\\frontend\\src\\App.tsx","statementMap":{"0":{"start":{"line":1,"column":0},"end":{"line":1,"column":51}},"1":{"start":{"line":2,"column":0},"end":{"line":2,"column":null}},"2":{"start":{"line":27,"column":0},"end":{"line":27,"column":null}},"3":{"start":{"line":36,"column":0},"end":{"line":36,"column":61}},"4":{"start":{"line":40,"column":14},"end":{"line":69,"column":2}},"5":{"start":{"line":72,"column":36},"end":{"line":72,"column":60}},"6":{"start":{"line":73,"column":32},"end":{"line":73,"column":46}},"7":{"start":{"line":74,"column":28},"end":{"line":74,"column":57}},"8":{"start":{"line":75,"column":34},"end":{"line":75,"column":49}},"9":{"start":{"line":76,"column":26},"end":{"line":76,"column":37}},"10":{"start":{"line":77,"column":38},"end":{"line":77,"column":49}},"11":{"start":{"line":78,"column":38},"end":{"line":78,"column":50}},"12":{"start":{"line":79,"column":38},"end":{"line":79,"column":50}},"13":{"start":{"line":82,"column":34},"end":{"line":86,"column":4}},"14":{"start":{"line":87,"column":40},"end":{"line":87,"column":55}},"15":{"start":{"line":88,"column":36},"end":{"line":88,"column":65}},"16":{"start":{"line":90,"column":25},"end":{"line":102,"column":3}},"17":{"start":{"line":91,"column":4},"end":{"line":91,"column":21}},"18":{"start":{"line":92,"column":4},"end":{"line":92,"column":19}},"19":{"start":{"line":93,"column":4},"end":{"line":101,"column":5}},"20":{"start":{"line":94,"column":23},"end":{"line":94,"column":87}},"21":{"start":{"line":95,"column":6},"end":{"line":95,"column":34}},"22":{"start":{"line":96,"column":6},"end":{"line":96,"column":45}},"23":{"start":{"line":98,"column":6},"end":{"line":98,"column":50}},"24":{"start":{"line":100,"column":6},"end":{"line":100,"column":24}},"25":{"start":{"line":104,"column":2},"end":{"line":106,"column":37}},"26":{"start":{"line":105,"column":4},"end":{"line":105,"column":21}},"27":{"start":{"line":108,"column":23},"end":{"line":123,"column":3}},"28":{"start":{"line":109,"column":4},"end":{"line":109,"column":23}},"29":{"start":{"line":110,"column":4},"end":{"line":110,"column":25}},"30":{"start":{"line":111,"column":4},"end":{"line":111,"column":23}},"31":{"start":{"line":113,"column":4},"end":{"line":122,"column":5}},"32":{"start":{"line":114,"column":6},"end":{"line":114,"column":53}},"33":{"start":{"line":115,"column":6},"end":{"line":115,"column":53}},"34":{"start":{"line":116,"column":6},"end":{"line":116,"column":25}},"35":{"start":{"line":117,"column":6},"end":{"line":117,"column":23}},"36":{"start":{"line":119,"column":6},"end":{"line":119,"column":88}},"37":{"start":{"line":121,"column":6},"end":{"line":121,"column":28}},"38":{"start":{"line":125,"column":2},"end":{"line":327,"column":4}},"39":{"start":{"line":186,"column":29},"end":{"line":186,"column":58}},"40":{"start":{"line":195,"column":29},"end":{"line":195,"column":58}},"41":{"start":{"line":222,"column":16},"end":{"line":222,"column":null}},"42":{"start":{"line":255,"column":42},"end":{"line":255,"column":56}},"43":{"start":{"line":267,"column":25},"end":{"line":267,"column":42}},"44":{"start":{"line":278,"column":47},"end":{"line":278,"column":65}},"45":{"start":{"line":281,"column":39},"end":{"line":281,"column":57}},"46":{"start":{"line":297,"column":33},"end":{"line":297,"column":97}},"47":{"start":{"line":304,"column":33},"end":{"line":304,"column":83}},"48":{"start":{"line":311,"column":33},"end":{"line":311,"column":84}},"49":{"start":{"line":330,"column":0},"end":{"line":330,"column":19}}},"fnMap":{"0":{"name":"App","decl":{"start":{"line":71,"column":9},"end":{"line":71,"column":12}},"loc":{"start":{"line":71,"column":12},"end":{"line":328,"column":1}}},"1":{"name":"(anonymous_10)","decl":{"start":{"line":90,"column":25},"end":{"line":90,"column":30}},"loc":{"start":{"line":90,"column":36},"end":{"line":102,"column":3}}},"2":{"name":"(anonymous_11)","decl":{"start":{"line":104,"column":12},"end":{"line":104,"column":15}},"loc":{"start":{"line":104,"column":17},"end":{"line":106,"column":3}}},"3":{"name":"(anonymous_12)","decl":{"start":{"line":108,"column":23},"end":{"line":108,"column":28}},"loc":{"start":{"line":108,"column":52},"end":{"line":123,"column":3}}},"4":{"name":"(anonymous_13)","decl":{"start":{"line":186,"column":22},"end":{"line":186,"column":23}},"loc":{"start":{"line":186,"column":29},"end":{"line":186,"column":58}}},"5":{"name":"(anonymous_14)","decl":{"start":{"line":195,"column":22},"end":{"line":195,"column":23}},"loc":{"start":{"line":195,"column":29},"end":{"line":195,"column":58}}},"6":{"name":"(anonymous_15)","decl":{"start":{"line":221,"column":29},"end":{"line":221,"column":30}},"loc":{"start":{"line":222,"column":16},"end":{"line":222,"column":null}}},"7":{"name":"(anonymous_16)","decl":{"start":{"line":255,"column":28},"end":{"line":255,"column":29}},"loc":{"start":{"line":255,"column":42},"end":{"line":255,"column":56}}},"8":{"name":"(anonymous_17)","decl":{"start":{"line":267,"column":19},"end":{"line":267,"column":22}},"loc":{"start":{"line":267,"column":25},"end":{"line":267,"column":42}}},"9":{"name":"(anonymous_18)","decl":{"start":{"line":278,"column":41},"end":{"line":278,"column":44}},"loc":{"start":{"line":278,"column":47},"end":{"line":278,"column":65}}},"10":{"name":"(anonymous_19)","decl":{"start":{"line":281,"column":33},"end":{"line":281,"column":36}},"loc":{"start":{"line":281,"column":39},"end":{"line":281,"column":57}}},"11":{"name":"(anonymous_20)","decl":{"start":{"line":297,"column":26},"end":{"line":297,"column":27}},"loc":{"start":{"line":297,"column":33},"end":{"line":297,"column":97}}},"12":{"name":"(anonymous_21)","decl":{"start":{"line":304,"column":26},"end":{"line":304,"column":27}},"loc":{"start":{"line":304,"column":33},"end":{"line":304,"column":83}}},"13":{"name":"(anonymous_22)","decl":{"start":{"line":311,"column":26},"end":{"line":311,"column":27}},"loc":{"start":{"line":311,"column":33},"end":{"line":311,"column":84}}}},"branchMap":{"0":{"loc":{"start":{"line":119,"column":19},"end":{"line":119,"column":86}},"type":"binary-expr","locations":[{"start":{"line":119,"column":19},"end":{"line":119,"column":53}},{"start":{"line":119,"column":57},"end":{"line":119,"column":86}}]},"1":{"loc":{"start":{"line":204,"column":9},"end":{"line":207,"column":null}},"type":"binary-expr","locations":[{"start":{"line":204,"column":9},"end":{"line":204,"column":14}},{"start":{"line":205,"column":10},"end":{"line":206,"column":null}}]},"2":{"loc":{"start":{"line":211,"column":9},"end":{"line":214,"column":null}},"type":"binary-expr","locations":[{"start":{"line":211,"column":9},"end":{"line":211,"column":16}},{"start":{"line":212,"column":10},"end":{"line":213,"column":null}}]},"3":{"loc":{"start":{"line":218,"column":9},"end":{"line":260,"column":null}},"type":"binary-expr","locations":[{"start":{"line":218,"column":9},"end":{"line":218,"column":17}},{"start":{"line":219,"column":10},"end":{"line":259,"column":null}}]},"4":{"loc":{"start":{"line":224,"column":21},"end":{"line":230,"column":null}},"type":"binary-expr","locations":[{"start":{"line":224,"column":21},"end":{"line":224,"column":35}},{"start":{"line":225,"column":22},"end":{"line":229,"column":null}}]},"5":{"loc":{"start":{"line":250,"column":13},"end":{"line":258,"column":null}},"type":"binary-expr","locations":[{"start":{"line":250,"column":13},"end":{"line":250,"column":27}},{"start":{"line":251,"column":14},"end":{"line":257,"column":null}}]},"6":{"loc":{"start":{"line":287,"column":13},"end":{"line":290,"column":null}},"type":"binary-expr","locations":[{"start":{"line":287,"column":13},"end":{"line":287,"column":22}},{"start":{"line":288,"column":14},"end":{"line":289,"column":null}}]},"7":{"loc":{"start":{"line":318,"column":27},"end":{"line":318,"column":81}},"type":"cond-expr","locations":[{"start":{"line":318,"column":41},"end":{"line":318,"column":71}},{"start":{"line":318,"column":74},"end":{"line":318,"column":81}}]},"8":{"loc":{"start":{"line":320,"column":17},"end":{"line":320,"column":63}},"type":"cond-expr","locations":[{"start":{"line":320,"column":31},"end":{"line":320,"column":43}},{"start":{"line":320,"column":46},"end":{"line":320,"column":63}}]}},"s":{"0":0,"1":0,"2":0,"3":0,"4":0,"5":0,"6":0,"7":0,"8":0,"9":0,"10":0,"11":0,"12":0,"13":0,"14":0,"15":0,"16":0,"17":0,"18":0,"19":0,"20":0,"21":0,"22":0,"23":0,"24":0,"25":0,"26":0,"27":0,"28":0,"29":0,"30":0,"31":0,"32":0,"33":0,"34":0,"35":0,"36":0,"37":0,"38":0,"39":0,"40":0,"41":0,"42":0,"43":0,"44":0,"45":0,"46":0,"47":0,"48":0,"49":0},"f":{"0":0,"1":0,"2":0,"3":0,"4":0,"5":0,"6":0,"7":0,"8":0,"9":0,"10":0,"11":0,"12":0,"13":0},"b":{"0":[0,0],"1":[0,0],"2":[0,0],"3":[0,0],"4":[0,0],"5":[0,0],"6":[0,0],"7":[0,0],"8":[0,0]}}
,"E:\\Informacion Usuario No Borrar\\Desktop\\PruebaTec\\frontend\\src\\components\\LocationCard.tsx": {"path":"E:\\Informacion Usuario No Borrar\\Desktop\\PruebaTec\\frontend\\src\\components\\LocationCard.tsx","statementMap":{"0":{"start":{"line":1,"column":0},"end":{"line":1,"column":26}},"1":{"start":{"line":2,"column":0},"end":{"line":2,"column":null}},"2":{"start":{"line":12,"column":0},"end":{"line":12,"column":55}},"3":{"start":{"line":20,"column":50},"end":{"line":114,"column":1}},"4":{"start":{"line":21,"column":21},"end":{"line":27,"column":3}},"5":{"start":{"line":22,"column":4},"end":{"line":26,"column":7}},"6":{"start":{"line":29,"column":2},"end":{"line":113,"column":4}},"7":{"start":{"line":38,"column":32},"end":{"line":38,"column":48}},"8":{"start":{"line":73,"column":31},"end":{"line":73,"column":47}},"9":{"start":{"line":116,"column":0},"end":{"line":116,"column":28}}},"fnMap":{"0":{"name":"(anonymous_1)","decl":{"start":{"line":20,"column":50},"end":{"line":20,"column":51}},"loc":{"start":{"line":20,"column":75},"end":{"line":114,"column":1}}},"1":{"name":"(anonymous_2)","decl":{"start":{"line":21,"column":21},"end":{"line":21,"column":22}},"loc":{"start":{"line":21,"column":44},"end":{"line":27,"column":3}}},"2":{"name":"(anonymous_3)","decl":{"start":{"line":38,"column":21},"end":{"line":38,"column":22}},"loc":{"start":{"line":38,"column":32},"end":{"line":38,"column":48}}},"3":{"name":"(anonymous_4)","decl":{"start":{"line":73,"column":25},"end":{"line":73,"column":28}},"loc":{"start":{"line":73,"column":31},"end":{"line":73,"column":47}}}},"branchMap":{"0":{"loc":{"start":{"line":42,"column":7},"end":{"line":51,"column":null}},"type":"binary-expr","locations":[{"start":{"line":42,"column":7},"end":{"line":42,"column":21}},{"start":{"line":43,"column":8},"end":{"line":50,"column":null}}]},"1":{"loc":{"start":{"line":69,"column":11},"end":{"line":78,"column":null}},"type":"binary-expr","locations":[{"start":{"line":69,"column":11},"end":{"line":69,"column":17}},{"start":{"line":70,"column":12},"end":{"line":77,"column":null}}]},"2":{"loc":{"start":{"line":101,"column":11},"end":{"line":108,"column":null}},"type":"binary-expr","locations":[{"start":{"line":101,"column":11},"end":{"line":101,"column":54}},{"start":{"line":102,"column":12},"end":{"line":107,"column":null}}]}},"s":{"0":1,"1":1,"2":1,"3":1,"4":8,"5":9,"6":8,"7":8,"8":1,"9":1},"f":{"0":8,"1":9,"2":8,"3":1},"b":{"0":[8,7],"1":[8,2],"2":[8,1]}}
,"E:\\Informacion Usuario No Borrar\\Desktop\\PruebaTec\\frontend\\src\\components\\LocationForm.tsx": {"path":"E:\\Informacion Usuario No Borrar\\Desktop\\PruebaTec\\frontend\\src\\components\\LocationForm.tsx","statementMap":{"0":{"start":{"line":1,"column":0},"end":{"line":1,"column":40}},"1":{"start":{"line":2,"column":0},"end":{"line":2,"column":42}},"2":{"start":{"line":3,"column":0},"end":{"line":3,"column":54}},"3":{"start":{"line":4,"column":0},"end":{"line":4,"column":24}},"4":{"start":{"line":5,"column":0},"end":{"line":5,"column":null}},"5":{"start":{"line":15,"column":0},"end":{"line":15,"column":55}},"6":{"start":{"line":16,"column":0},"end":{"line":16,"column":62}},"7":{"start":{"line":20,"column":23},"end":{"line":32,"column":2}},"8":{"start":{"line":39,"column":50},"end":{"line":211,"column":1}},"9":{"start":{"line":40,"column":32},"end":{"line":40,"column":47}},"10":{"start":{"line":41,"column":28},"end":{"line":41,"column":57}},"11":{"start":{"line":42,"column":32},"end":{"line":42,"column":47}},"12":{"start":{"line":49,"column":6},"end":{"line":52,"column":4}},"13":{"start":{"line":54,"column":19},"end":{"line":93,"column":3}},"14":{"start":{"line":55,"column":4},"end":{"line":55,"column":21}},"15":{"start":{"line":56,"column":4},"end":{"line":56,"column":19}},"16":{"start":{"line":57,"column":4},"end":{"line":57,"column":22}},"17":{"start":{"line":59,"column":4},"end":{"line":92,"column":5}},"18":{"start":{"line":61,"column":24},"end":{"line":64,"column":8}},"19":{"start":{"line":66,"column":6},"end":{"line":66,"column":54}},"20":{"start":{"line":68,"column":6},"end":{"line":68,"column":23}},"21":{"start":{"line":69,"column":6},"end":{"line":69,"column":14}},"22":{"start":{"line":72,"column":6},"end":{"line":76,"column":7}},"23":{"start":{"line":73,"column":8},"end":{"line":75,"column":17}},"24":{"start":{"line":74,"column":10},"end":{"line":74,"column":30}},"25":{"start":{"line":79,"column":6},"end":{"line":83,"column":7}},"26":{"start":{"line":80,"column":8},"end":{"line":82,"column":17}},"27":{"start":{"line":81,"column":10},"end":{"line":81,"column":20}},"28":{"start":{"line":86,"column":27},"end":{"line":88,"column":55}},"29":{"start":{"line":89,"column":6},"end":{"line":89,"column":29}},"30":{"start":{"line":91,"column":6},"end":{"line":91,"column":24}},"31":{"start":{"line":95,"column":2},"end":{"line":210,"column":4}},"32":{"start":{"line":113,"column":62},"end":{"line":113,"column":76}},"33":{"start":{"line":213,"column":0},"end":{"line":213,"column":28}}},"fnMap":{"0":{"name":"(anonymous_9)","decl":{"start":{"line":39,"column":50},"end":{"line":39,"column":51}},"loc":{"start":{"line":39,"column":85},"end":{"line":211,"column":1}}},"1":{"name":"(anonymous_10)","decl":{"start":{"line":54,"column":19},"end":{"line":54,"column":24}},"loc":{"start":{"line":54,"column":52},"end":{"line":93,"column":3}}},"2":{"name":"(anonymous_11)","decl":{"start":{"line":73,"column":19},"end":{"line":73,"column":22}},"loc":{"start":{"line":73,"column":24},"end":{"line":75,"column":9}}},"3":{"name":"(anonymous_12)","decl":{"start":{"line":80,"column":19},"end":{"line":80,"column":22}},"loc":{"start":{"line":80,"column":24},"end":{"line":82,"column":9}}},"4":{"name":"(anonymous_13)","decl":{"start":{"line":113,"column":56},"end":{"line":113,"column":59}},"loc":{"start":{"line":113,"column":62},"end":{"line":113,"column":76}}}},"branchMap":{"0":{"loc":{"start":{"line":63,"column":15},"end":{"line":63,"column":46}},"type":"binary-expr","locations":[{"start":{"line":63,"column":15},"end":{"line":63,"column":33}},{"start":{"line":63,"column":37},"end":{"line":63,"column":46}}]},"1":{"loc":{"start":{"line":72,"column":6},"end":{"line":76,"column":7}},"type":"if","locations":[{"start":{"line":72,"column":6},"end":{"line":76,"column":7}}]},"2":{"loc":{"start":{"line":79,"column":6},"end":{"line":83,"column":7}},"type":"if","locations":[{"start":{"line":79,"column":6},"end":{"line":83,"column":7}}]},"3":{"loc":{"start":{"line":86,"column":27},"end":{"line":88,"column":55}},"type":"binary-expr","locations":[{"start":{"line":86,"column":27},"end":{"line":86,"column":61}},{"start":{"line":87,"column":26},"end":{"line":87,"column":53}},{"start":{"line":88,"column":26},"end":{"line":88,"column":55}}]},"4":{"loc":{"start":{"line":138,"column":22},"end":{"line":138,"column":95}},"type":"binary-expr","locations":[{"start":{"line":138,"column":22},"end":{"line":138,"column":42}},{"start":{"line":138,"column":46},"end":{"line":138,"column":95}}]},"5":{"loc":{"start":{"line":154,"column":22},"end":{"line":154,"column":69}},"type":"binary-expr","locations":[{"start":{"line":154,"column":22},"end":{"line":154,"column":42}},{"start":{"line":154,"column":46},"end":{"line":154,"column":69}}]},"6":{"loc":{"start":{"line":170,"column":22},"end":{"line":170,"column":73}},"type":"binary-expr","locations":[{"start":{"line":170,"column":22},"end":{"line":170,"column":43}},{"start":{"line":170,"column":47},"end":{"line":170,"column":73}}]},"7":{"loc":{"start":{"line":182,"column":11},"end":{"line":189,"column":null}},"type":"binary-expr","locations":[{"start":{"line":182,"column":11},"end":{"line":182,"column":18}},{"start":{"line":183,"column":12},"end":{"line":186,"column":null}}]},"8":{"loc":{"start":{"line":195,"column":22},"end":{"line":195,"column":41}},"type":"binary-expr","locations":[{"start":{"line":195,"column":22},"end":{"line":195,"column":29}},{"start":{"line":195,"column":33},"end":{"line":195,"column":41}}]},"9":{"loc":{"start":{"line":196,"column":23},"end":{"line":196,"column":73}},"type":"cond-expr","locations":[{"start":{"line":196,"column":33},"end":{"line":196,"column":63}},{"start":{"line":196,"column":66},"end":{"line":196,"column":73}}]},"10":{"loc":{"start":{"line":205,"column":13},"end":{"line":205,"column":55}},"type":"cond-expr","locations":[{"start":{"line":205,"column":23},"end":{"line":205,"column":35}},{"start":{"line":205,"column":38},"end":{"line":205,"column":55}}]}},"s":{"0":0,"1":0,"2":0,"3":0,"4":0,"5":0,"6":0,"7":0,"8":0,"9":0,"10":0,"11":0,"12":0,"13":0,"14":0,"15":0,"16":0,"17":0,"18":0,"19":0,"20":0,"21":0,"22":0,"23":0,"24":0,"25":0,"26":0,"27":0,"28":0,"29":0,"30":0,"31":0,"32":0,"33":0},"f":{"0":0,"1":0,"2":0,"3":0,"4":0},"b":{"0":[0,0],"1":[0],"2":[0],"3":[0,0,0],"4":[0,0],"5":[0,0],"6":[0,0],"7":[0,0],"8":[0,0],"9":[0,0],"10":[0,0]}}
,"E:\\Informacion Usuario No Borrar\\Desktop\\PruebaTec\\frontend\\src\\components\\LocationList.tsx": {"path":"E:\\Informacion Usuario No Borrar\\Desktop\\PruebaTec\\frontend\\src\\components\\LocationList.tsx","statementMap":{"0":{"start":{"line":1,"column":0},"end":{"line":1,"column":64}},"1":{"start":{"line":2,"column":0},"end":{"line":2,"column":null}},"2":{"start":{"line":15,"column":0},"end":{"line":15,"column":69}},"3":{"start":{"line":16,"column":0},"end":{"line":16,"column":62}},"4":{"start":{"line":18,"column":0},"end":{"line":18,"column":42}},"5":{"start":{"line":24,"column":50},"end":{"line":281,"column":1}},"6":{"start":{"line":25,"column":36},"end":{"line":25,"column":60}},"7":{"start":{"line":26,"column":32},"end":{"line":26,"column":46}},"8":{"start":{"line":27,"column":28},"end":{"line":27,"column":57}},"9":{"start":{"line":28,"column":26},"end":{"line":28,"column":37}},"10":{"start":{"line":29,"column":38},"end":{"line":29,"column":49}},"11":{"start":{"line":30,"column":38},"end":{"line":30,"column":49}},"12":{"start":{"line":31,"column":38},"end":{"line":31,"column":50}},"13":{"start":{"line":32,"column":38},"end":{"line":32,"column":50}},"14":{"start":{"line":34,"column":25},"end":{"line":55,"column":36}},"15":{"start":{"line":35,"column":4},"end":{"line":35,"column":21}},"16":{"start":{"line":36,"column":4},"end":{"line":36,"column":19}},"17":{"start":{"line":38,"column":4},"end":{"line":54,"column":5}},"18":{"start":{"line":39,"column":42},"end":{"line":42,"column":null}},"19":{"start":{"line":45,"column":6},"end":{"line":45,"column":34}},"20":{"start":{"line":46,"column":6},"end":{"line":46,"column":45}},"21":{"start":{"line":47,"column":6},"end":{"line":47,"column":41}},"22":{"start":{"line":49,"column":27},"end":{"line":50,"column":59}},"23":{"start":{"line":51,"column":6},"end":{"line":51,"column":29}},"24":{"start":{"line":53,"column":6},"end":{"line":53,"column":24}},"25":{"start":{"line":57,"column":2},"end":{"line":59,"column":23}},"26":{"start":{"line":58,"column":4},"end":{"line":58,"column":21}},"27":{"start":{"line":62,"column":2},"end":{"line":66,"column":39}},"28":{"start":{"line":63,"column":4},"end":{"line":65,"column":5}},"29":{"start":{"line":64,"column":6},"end":{"line":64,"column":23}},"30":{"start":{"line":68,"column":27},"end":{"line":71,"column":3}},"31":{"start":{"line":69,"column":4},"end":{"line":69,"column":19}},"32":{"start":{"line":70,"column":4},"end":{"line":70,"column":52}},"33":{"start":{"line":73,"column":33},"end":{"line":76,"column":3}},"34":{"start":{"line":74,"column":4},"end":{"line":74,"column":38}},"35":{"start":{"line":75,"column":4},"end":{"line":75,"column":15}},"36":{"start":{"line":78,"column":33},"end":{"line":81,"column":3}},"37":{"start":{"line":79,"column":4},"end":{"line":79,"column":38}},"38":{"start":{"line":80,"column":4},"end":{"line":80,"column":15}},"39":{"start":{"line":83,"column":29},"end":{"line":86,"column":3}},"40":{"start":{"line":85,"column":4},"end":{"line":85,"column":47}},"41":{"start":{"line":89,"column":25},"end":{"line":103,"column":null}},"42":{"start":{"line":90,"column":4},"end":{"line":102,"column":null}},"43":{"start":{"line":92,"column":8},"end":{"line":92,"column":null}},"44":{"start":{"line":106,"column":2},"end":{"line":280,"column":4}},"45":{"start":{"line":211,"column":25},"end":{"line":211,"column":39}},"46":{"start":{"line":225,"column":14},"end":{"line":225,"column":null}},"47":{"start":{"line":283,"column":0},"end":{"line":283,"column":28}}},"fnMap":{"0":{"name":"(anonymous_10)","decl":{"start":{"line":24,"column":50},"end":{"line":24,"column":51}},"loc":{"start":{"line":24,"column":77},"end":{"line":281,"column":1}}},"1":{"name":"(anonymous_11)","decl":{"start":{"line":34,"column":37},"end":{"line":34,"column":42}},"loc":{"start":{"line":34,"column":48},"end":{"line":55,"column":3}}},"2":{"name":"(anonymous_12)","decl":{"start":{"line":57,"column":12},"end":{"line":57,"column":15}},"loc":{"start":{"line":57,"column":17},"end":{"line":59,"column":3}}},"3":{"name":"(anonymous_13)","decl":{"start":{"line":62,"column":12},"end":{"line":62,"column":15}},"loc":{"start":{"line":62,"column":17},"end":{"line":66,"column":3}}},"4":{"name":"(anonymous_14)","decl":{"start":{"line":68,"column":27},"end":{"line":68,"column":28}},"loc":{"start":{"line":68,"column":76},"end":{"line":71,"column":3}}},"5":{"name":"(anonymous_15)","decl":{"start":{"line":73,"column":33},"end":{"line":73,"column":34}},"loc":{"start":{"line":73,"column":80},"end":{"line":76,"column":3}}},"6":{"name":"(anonymous_16)","decl":{"start":{"line":78,"column":33},"end":{"line":78,"column":34}},"loc":{"start":{"line":78,"column":80},"end":{"line":81,"column":3}}},"7":{"name":"(anonymous_17)","decl":{"start":{"line":83,"column":29},"end":{"line":83,"column":30}},"loc":{"start":{"line":83,"column":52},"end":{"line":86,"column":3}}},"8":{"name":"(anonymous_18)","decl":{"start":{"line":89,"column":25},"end":{"line":89,"column":28}},"loc":{"start":{"line":90,"column":4},"end":{"line":102,"column":null}}},"9":{"name":"(anonymous_19)","decl":{"start":{"line":91,"column":25},"end":{"line":91,"column":26}},"loc":{"start":{"line":92,"column":8},"end":{"line":92,"column":null}}},"10":{"name":"(anonymous_20)","decl":{"start":{"line":211,"column":19},"end":{"line":211,"column":22}},"loc":{"start":{"line":211,"column":25},"end":{"line":211,"column":39}}},"11":{"name":"(anonymous_21)","decl":{"start":{"line":224,"column":27},"end":{"line":224,"column":28}},"loc":{"start":{"line":225,"column":14},"end":{"line":225,"column":null}}}},"branchMap":{"0":{"loc":{"start":{"line":24,"column":53},"end":{"line":24,"column":71}},"type":"default-arg","locations":[{"start":{"line":24,"column":70},"end":{"line":24,"column":71}}]},"1":{"loc":{"start":{"line":49,"column":27},"end":{"line":50,"column":59}},"type":"binary-expr","locations":[{"start":{"line":49,"column":27},"end":{"line":49,"column":61}},{"start":{"line":50,"column":26},"end":{"line":50,"column":59}}]},"2":{"loc":{"start":{"line":63,"column":4},"end":{"line":65,"column":5}},"type":"if","locations":[{"start":{"line":63,"column":4},"end":{"line":65,"column":5}}]},"3":{"loc":{"start":{"line":117,"column":9},"end":{"line":129,"column":null}},"type":"binary-expr","locations":[{"start":{"line":117,"column":9},"end":{"line":117,"column":17}},{"start":{"line":118,"column":10},"end":{"line":128,"column":null}}]},"4":{"loc":{"start":{"line":207,"column":7},"end":{"line":214,"column":null}},"type":"binary-expr","locations":[{"start":{"line":207,"column":7},"end":{"line":207,"column":12}},{"start":{"line":208,"column":8},"end":{"line":213,"column":null}}]},"5":{"loc":{"start":{"line":218,"column":7},"end":{"line":218,"column":34}},"type":"binary-expr","locations":[{"start":{"line":218,"column":7},"end":{"line":218,"column":14}},{"start":{"line":218,"column":18},"end":{"line":218,"column":34}}]},"6":{"loc":{"start":{"line":221,"column":7},"end":{"line":277,"column":null}},"type":"binary-expr","locations":[{"start":{"line":221,"column":7},"end":{"line":221,"column":15}},{"start":{"line":222,"column":8},"end":{"line":276,"column":null}}]},"7":{"loc":{"start":{"line":235,"column":11},"end":{"line":253,"column":null}},"type":"binary-expr","locations":[{"start":{"line":235,"column":11},"end":{"line":235,"column":33}},{"start":{"line":236,"column":12},"end":{"line":252,"column":null}}]},"8":{"loc":{"start":{"line":248,"column":17},"end":{"line":250,"column":56}},"type":"cond-expr","locations":[{"start":{"line":249,"column":20},"end":{"line":249,"column":61}},{"start":{"line":250,"column":20},"end":{"line":250,"column":56}}]},"9":{"loc":{"start":{"line":248,"column":17},"end":{"line":248,"column":41}},"type":"binary-expr","locations":[{"start":{"line":248,"column":17},"end":{"line":248,"column":27}},{"start":{"line":248,"column":31},"end":{"line":248,"column":41}}]},"10":{"loc":{"start":{"line":257,"column":11},"end":{"line":275,"column":null}},"type":"binary-expr","locations":[{"start":{"line":257,"column":11},"end":{"line":257,"column":25}},{"start":{"line":258,"column":12},"end":{"line":274,"column":null}}]}},"s":{"0":0,"1":0,"2":0,"3":0,"4":0,"5":0,"6":0,"7":0,"8":0,"9":0,"10":0,"11":0,"12":0,"13":0,"14":0,"15":0,"16":0,"17":0,"18":0,"19":0,"20":0,"21":0,"22":0,"23":0,"24":0,"25":0,"26":0,"27":0,"28":0,"29":0,"30":0,"31":0,"32":0,"33":0,"34":0,"35":0,"36":0,"37":0,"38":0,"39":0,"40":0,"41":0,"42":0,"43":0,"44":0,"45":0,"46":0,"47":0},"f":{"0":0,"1":0,"2":0,"3":0,"4":0,"5":0,"6":0,"7":0,"8":0,"9":0,"10":0,"11":0},"b":{"0":[0],"1":[0,0],"2":[0],"3":[0,0],"4":[0,0],"5":[0,0],"6":[0,0],"7":[0,0],"8":[0,0],"9":[0,0],"10":[0,0]}}
,"E:\\Informacion Usuario No Borrar\\Desktop\\PruebaTec\\frontend\\src\\config\\api.ts": {"path":"E:\\Informacion Usuario No Borrar\\Desktop\\PruebaTec\\frontend\\src\\config\\api.ts","statementMap":{"0":{"start":{"line":1,"column":0},"end":{"line":1,"column":26}},"1":{"start":{"line":3,"column":16},"end":{"line":3,"column":76}},"2":{"start":{"line":4,"column":16},"end":{"line":4,"column":70}},"3":{"start":{"line":6,"column":13},"end":{"line":13,"column":3}},"4":{"start":{"line":16,"column":0},"end":{"line":32,"column":2}},"5":{"start":{"line":17,"column":16},"end":{"line":17,"column":24}},"6":{"start":{"line":19,"column":4},"end":{"line":19,"column":71}},"7":{"start":{"line":22,"column":4},"end":{"line":28,"column":5}},"8":{"start":{"line":23,"column":6},"end":{"line":23,"column":51}},"9":{"start":{"line":24,"column":11},"end":{"line":28,"column":5}},"10":{"start":{"line":25,"column":6},"end":{"line":25,"column":43}},"11":{"start":{"line":26,"column":11},"end":{"line":28,"column":5}},"12":{"start":{"line":27,"column":6},"end":{"line":27,"column":42}},"13":{"start":{"line":30,"column":4},"end":{"line":30,"column":33}}},"fnMap":{"0":{"name":"(anonymous_1)","decl":{"start":{"line":17,"column":2},"end":{"line":17,"column":3}},"loc":{"start":{"line":17,"column":16},"end":{"line":17,"column":24}}},"1":{"name":"(anonymous_2)","decl":{"start":{"line":18,"column":2},"end":{"line":18,"column":3}},"loc":{"start":{"line":18,"column":12},"end":{"line":31,"column":3}}}},"branchMap":{"0":{"loc":{"start":{"line":3,"column":16},"end":{"line":3,"column":76}},"type":"binary-expr","locations":[{"start":{"line":3,"column":16},"end":{"line":3,"column":49}},{"start":{"line":3,"column":53},"end":{"line":3,"column":76}}]},"1":{"loc":{"start":{"line":4,"column":16},"end":{"line":4,"column":70}},"type":"binary-expr","locations":[{"start":{"line":4,"column":16},"end":{"line":4,"column":44}},{"start":{"line":4,"column":48},"end":{"line":4,"column":70}}]},"2":{"loc":{"start":{"line":19,"column":32},"end":{"line":19,"column":69}},"type":"binary-expr","locations":[{"start":{"line":19,"column":32},"end":{"line":19,"column":52}},{"start":{"line":19,"column":56},"end":{"line":19,"column":69}}]},"3":{"loc":{"start":{"line":22,"column":4},"end":{"line":28,"column":5}},"type":"if","locations":[{"start":{"line":22,"column":4},"end":{"line":28,"column":5}},{"start":{"line":24,"column":11},"end":{"line":28,"column":5}}]},"4":{"loc":{"start":{"line":24,"column":11},"end":{"line":28,"column":5}},"type":"if","locations":[{"start":{"line":24,"column":11},"end":{"line":28,"column":5}},{"start":{"line":26,"column":11},"end":{"line":28,"column":5}}]},"5":{"loc":{"start":{"line":26,"column":11},"end":{"line":28,"column":5}},"type":"if","locations":[{"start":{"line":26,"column":11},"end":{"line":28,"column":5}}]}},"s":{"0":0,"1":0,"2":0,"3":0,"4":0,"5":0,"6":0,"7":0,"8":0,"9":0,"10":0,"11":0,"12":0,"13":0},"f":{"0":0,"1":0},"b":{"0":[0,0],"1":[0,0],"2":[0,0],"3":[0,0],"4":[0,0],"5":[0]}}
,"E:\\Informacion Usuario No Borrar\\Desktop\\PruebaTec\\frontend\\src\\services\\locationService.ts": {"path":"E:\\Informacion Usuario No Borrar\\Desktop\\PruebaTec\\frontend\\src\\services\\locationService.ts","statementMap":{"0":{"start":{"line":1,"column":0},"end":{"line":1,"column":36}},"1":{"start":{"line":4,"column":13},"end":{"line":26,"column":2}},"2":{"start":{"line":11,"column":19},"end":{"line":11,"column":40}},"3":{"start":{"line":12,"column":4},"end":{"line":12,"column":43}},"4":{"start":{"line":13,"column":4},"end":{"line":13,"column":50}},"5":{"start":{"line":15,"column":4},"end":{"line":15,"column":56}},"6":{"start":{"line":15,"column":21},"end":{"line":15,"column":56}},"7":{"start":{"line":16,"column":4},"end":{"line":16,"column":56}},"8":{"start":{"line":16,"column":21},"end":{"line":16,"column":56}},"9":{"start":{"line":18,"column":21},"end":{"line":18,"column":58}},"10":{"start":{"line":19,"column":4},"end":{"line":19,"column":25}},"11":{"start":{"line":23,"column":21},"end":{"line":23,"column":55}},"12":{"start":{"line":24,"column":4},"end":{"line":24,"column":25}}},"fnMap":{"0":{"name":"(anonymous_0)","decl":{"start":{"line":5,"column":2},"end":{"line":5,"column":7}},"loc":{"start":{"line":9,"column":16},"end":{"line":20,"column":3}}},"1":{"name":"(anonymous_1)","decl":{"start":{"line":22,"column":2},"end":{"line":22,"column":7}},"loc":{"start":{"line":22,"column":45},"end":{"line":25,"column":3}}}},"branchMap":{"0":{"loc":{"start":{"line":6,"column":4},"end":{"line":6,"column":12}},"type":"default-arg","locations":[{"start":{"line":6,"column":11},"end":{"line":6,"column":12}}]},"1":{"loc":{"start":{"line":7,"column":4},"end":{"line":7,"column":13}},"type":"default-arg","locations":[{"start":{"line":7,"column":11},"end":{"line":7,"column":13}}]},"2":{"loc":{"start":{"line":8,"column":4},"end":{"line":8,"column":13}},"type":"default-arg","locations":[{"start":{"line":8,"column":11},"end":{"line":8,"column":13}}]},"3":{"loc":{"start":{"line":9,"column":4},"end":{"line":9,"column":16}},"type":"default-arg","locations":[{"start":{"line":9,"column":14},"end":{"line":9,"column":16}}]},"4":{"loc":{"start":{"line":15,"column":4},"end":{"line":15,"column":56}},"type":"if","locations":[{"start":{"line":15,"column":4},"end":{"line":15,"column":56}}]},"5":{"loc":{"start":{"line":16,"column":4},"end":{"line":16,"column":56}},"type":"if","locations":[{"start":{"line":16,"column":4},"end":{"line":16,"column":56}}]}},"s":{"0":1,"1":1,"2":2,"3":2,"4":2,"5":2,"6":1,"7":2,"8":1,"9":2,"10":2,"11":1,"12":1},"f":{"0":2,"1":1},"b":{"0":[0],"1":[0],"2":[0],"3":[1],"4":[1],"5":[1]}}
}
