TN:
SF:src\App.tsx
FN:71,App
FN:90,(anonymous_10)
FN:104,(anonymous_11)
FN:108,(anonymous_12)
FN:186,(anonymous_13)
FN:195,(anonymous_14)
FN:221,(anonymous_15)
FN:255,(anonymous_16)
FN:267,(anonymous_17)
FN:278,(anonymous_18)
FN:281,(anonymous_19)
FN:297,(anonymous_20)
FN:304,(anonymous_21)
FN:311,(anonymous_22)
FNF:14
FNH:0
FNDA:0,App
FNDA:0,(anonymous_10)
FNDA:0,(anonymous_11)
FNDA:0,(anonymous_12)
FNDA:0,(anonymous_13)
FNDA:0,(anonymous_14)
FNDA:0,(anonymous_15)
FNDA:0,(anonymous_16)
FNDA:0,(anonymous_17)
FNDA:0,(anonymous_18)
FNDA:0,(anonymous_19)
FNDA:0,(anonymous_20)
FNDA:0,(anonymous_21)
FNDA:0,(anonymous_22)
DA:1,0
DA:2,0
DA:27,0
DA:36,0
DA:40,0
DA:72,0
DA:73,0
DA:74,0
DA:75,0
DA:76,0
DA:77,0
DA:78,0
DA:79,0
DA:82,0
DA:87,0
DA:88,0
DA:90,0
DA:91,0
DA:92,0
DA:93,0
DA:94,0
DA:95,0
DA:96,0
DA:98,0
DA:100,0
DA:104,0
DA:105,0
DA:108,0
DA:109,0
DA:110,0
DA:111,0
DA:113,0
DA:114,0
DA:115,0
DA:116,0
DA:117,0
DA:119,0
DA:121,0
DA:125,0
DA:186,0
DA:195,0
DA:222,0
DA:255,0
DA:267,0
DA:278,0
DA:281,0
DA:297,0
DA:304,0
DA:311,0
DA:330,0
LF:50
LH:0
BRDA:119,0,0,0
BRDA:119,0,1,0
BRDA:204,1,0,0
BRDA:204,1,1,0
BRDA:211,2,0,0
BRDA:211,2,1,0
BRDA:218,3,0,0
BRDA:218,3,1,0
BRDA:224,4,0,0
BRDA:224,4,1,0
BRDA:250,5,0,0
BRDA:250,5,1,0
BRDA:287,6,0,0
BRDA:287,6,1,0
BRDA:318,7,0,0
BRDA:318,7,1,0
BRDA:320,8,0,0
BRDA:320,8,1,0
BRF:18
BRH:0
end_of_record
TN:
SF:src\components\LocationCard.tsx
FN:20,(anonymous_1)
FN:21,(anonymous_2)
FN:38,(anonymous_3)
FN:73,(anonymous_4)
FNF:4
FNH:4
FNDA:8,(anonymous_1)
FNDA:9,(anonymous_2)
FNDA:8,(anonymous_3)
FNDA:1,(anonymous_4)
DA:1,1
DA:2,1
DA:12,1
DA:20,1
DA:21,8
DA:22,9
DA:29,8
DA:38,8
DA:73,1
DA:116,1
LF:10
LH:10
BRDA:42,0,0,8
BRDA:42,0,1,7
BRDA:69,1,0,8
BRDA:69,1,1,2
BRDA:101,2,0,8
BRDA:101,2,1,1
BRF:6
BRH:6
end_of_record
TN:
SF:src\components\LocationForm.tsx
FN:39,(anonymous_9)
FN:54,(anonymous_10)
FN:73,(anonymous_11)
FN:80,(anonymous_12)
FN:113,(anonymous_13)
FNF:5
FNH:0
FNDA:0,(anonymous_9)
FNDA:0,(anonymous_10)
FNDA:0,(anonymous_11)
FNDA:0,(anonymous_12)
FNDA:0,(anonymous_13)
DA:1,0
DA:2,0
DA:3,0
DA:4,0
DA:5,0
DA:15,0
DA:16,0
DA:20,0
DA:39,0
DA:40,0
DA:41,0
DA:42,0
DA:49,0
DA:54,0
DA:55,0
DA:56,0
DA:57,0
DA:59,0
DA:61,0
DA:66,0
DA:68,0
DA:69,0
DA:72,0
DA:73,0
DA:74,0
DA:79,0
DA:80,0
DA:81,0
DA:86,0
DA:89,0
DA:91,0
DA:95,0
DA:113,0
DA:213,0
LF:34
LH:0
BRDA:63,0,0,0
BRDA:63,0,1,0
BRDA:72,1,0,0
BRDA:79,2,0,0
BRDA:86,3,0,0
BRDA:86,3,1,0
BRDA:86,3,2,0
BRDA:138,4,0,0
BRDA:138,4,1,0
BRDA:154,5,0,0
BRDA:154,5,1,0
BRDA:170,6,0,0
BRDA:170,6,1,0
BRDA:182,7,0,0
BRDA:182,7,1,0
BRDA:195,8,0,0
BRDA:195,8,1,0
BRDA:196,9,0,0
BRDA:196,9,1,0
BRDA:205,10,0,0
BRDA:205,10,1,0
BRF:21
BRH:0
end_of_record
TN:
SF:src\components\LocationList.tsx
FN:24,(anonymous_10)
FN:34,(anonymous_11)
FN:57,(anonymous_12)
FN:62,(anonymous_13)
FN:68,(anonymous_14)
FN:73,(anonymous_15)
FN:78,(anonymous_16)
FN:83,(anonymous_17)
FN:89,(anonymous_18)
FN:91,(anonymous_19)
FN:211,(anonymous_20)
FN:224,(anonymous_21)
FNF:12
FNH:0
FNDA:0,(anonymous_10)
FNDA:0,(anonymous_11)
FNDA:0,(anonymous_12)
FNDA:0,(anonymous_13)
FNDA:0,(anonymous_14)
FNDA:0,(anonymous_15)
FNDA:0,(anonymous_16)
FNDA:0,(anonymous_17)
FNDA:0,(anonymous_18)
FNDA:0,(anonymous_19)
FNDA:0,(anonymous_20)
FNDA:0,(anonymous_21)
DA:1,0
DA:2,0
DA:15,0
DA:16,0
DA:18,0
DA:24,0
DA:25,0
DA:26,0
DA:27,0
DA:28,0
DA:29,0
DA:30,0
DA:31,0
DA:32,0
DA:34,0
DA:35,0
DA:36,0
DA:38,0
DA:39,0
DA:45,0
DA:46,0
DA:47,0
DA:49,0
DA:51,0
DA:53,0
DA:57,0
DA:58,0
DA:62,0
DA:63,0
DA:64,0
DA:68,0
DA:69,0
DA:70,0
DA:73,0
DA:74,0
DA:75,0
DA:78,0
DA:79,0
DA:80,0
DA:83,0
DA:85,0
DA:89,0
DA:90,0
DA:92,0
DA:106,0
DA:211,0
DA:225,0
DA:283,0
LF:48
LH:0
BRDA:24,0,0,0
BRDA:49,1,0,0
BRDA:49,1,1,0
BRDA:63,2,0,0
BRDA:117,3,0,0
BRDA:117,3,1,0
BRDA:207,4,0,0
BRDA:207,4,1,0
BRDA:218,5,0,0
BRDA:218,5,1,0
BRDA:221,6,0,0
BRDA:221,6,1,0
BRDA:235,7,0,0
BRDA:235,7,1,0
BRDA:248,8,0,0
BRDA:248,8,1,0
BRDA:248,9,0,0
BRDA:248,9,1,0
BRDA:257,10,0,0
BRDA:257,10,1,0
BRF:20
BRH:0
end_of_record
TN:
SF:src\config\api.ts
FN:17,(anonymous_1)
FN:18,(anonymous_2)
FNF:2
FNH:0
FNDA:0,(anonymous_1)
FNDA:0,(anonymous_2)
DA:1,0
DA:3,0
DA:4,0
DA:6,0
DA:16,0
DA:17,0
DA:19,0
DA:22,0
DA:23,0
DA:24,0
DA:25,0
DA:26,0
DA:27,0
DA:30,0
LF:14
LH:0
BRDA:3,0,0,0
BRDA:3,0,1,0
BRDA:4,1,0,0
BRDA:4,1,1,0
BRDA:19,2,0,0
BRDA:19,2,1,0
BRDA:22,3,0,0
BRDA:22,3,1,0
BRDA:24,4,0,0
BRDA:24,4,1,0
BRDA:26,5,0,0
BRF:11
BRH:0
end_of_record
TN:
SF:src\services\locationService.ts
FN:5,(anonymous_0)
FN:22,(anonymous_1)
FNF:2
FNH:2
FNDA:2,(anonymous_0)
FNDA:1,(anonymous_1)
DA:1,1
DA:4,1
DA:11,2
DA:12,2
DA:13,2
DA:15,2
DA:16,2
DA:18,2
DA:19,2
DA:23,1
DA:24,1
LF:11
LH:11
BRDA:6,0,0,0
BRDA:7,1,0,0
BRDA:8,2,0,0
BRDA:9,3,0,1
BRDA:15,4,0,1
BRDA:16,5,0,1
BRF:6
BRH:3
end_of_record
